<?xml version="1.0" encoding="UTF-8"?>
<!-- Generated by org.testng.reporters.JUnitXMLReporter -->
<testsuite ignored="0" hostname="EXIPC0117" failures="0" tests="3" name="Default test" time="0.125" errors="0" timestamp="2023-07-27T10:50:31 IST">
  <testcase classname="APIRequest.DataproviderExample" name="demo" time="0.009"/>
  <testcase classname="APIRequest.DataproviderExample" name="demo" time="0.004"/>
  <testcase classname="APIRequest.DataproviderExample" name="demo" time="0.005"/>
</testsuite> <!-- Default test -->
