<?xml version="1.0" encoding="UTF-8"?>
<!-- Generated by org.testng.reporters.JUnitXMLReporter -->
<testsuite ignored="0" hostname="EXIPC0117" failures="0" tests="3" name="Test" time="90.887" errors="0" timestamp="2023-04-26T12:29:06 IST">
  <testcase classname="APIRequest.Chrome1" name="@AfterTest stopDocker" time="13.074">
    <failure type="java.lang.AssertionError" message="File is not deleted expected [true] but found [false]">
      <![CDATA[java.lang.AssertionError: File is not deleted expected [true] but found [false]
at APIRequest.stopDocker.stopFile(stopDocker.java:50)
at APIRequest.Chrome1.stopDocker(Chrome1.java:52)
... Removed 31 stack frames]]>
    </failure>
  </testcase> <!-- @AfterTest stopDocker -->
  <testcase classname="APIRequest.Chrome3" name="Gmail" time="28.45"/>
  <testcase classname="APIRequest.Chrome1" name="google" time="29.472"/>
  <testcase classname="APIRequest.Chrome2" name="yahoo" time="40.762"/>
</testsuite> <!-- Test -->
