-------------------------------------------------------------------------------
Test set: TestSuite
-------------------------------------------------------------------------------
Tests run: 4, Failures: 1, Errors: 0, Skipped: 0, Time elapsed: 92.779 s <<< FAILURE! - in TestSuite
stopDocker(APIRequest.Chrome1)  Time elapsed: 53.875 s  <<< FAILURE!
java.lang.AssertionError: File is not deleted expected [true] but found [false]
	at APIRequest.Chrome1.stopDocker(Chrome1.java:52)

