<?xml version="1.0" encoding="UTF-8"?>
<testsuite xmlns:xsi="http://www.w3.org/2001/XMLSchema-instance" xsi:noNamespaceSchemaLocation="https://maven.apache.org/surefire/maven-surefire-plugin/xsd/surefire-test-report-3.0.xsd" version="3.0" name="TestSuite" time="92.779" tests="4" errors="0" skipped="0" failures="1">
  <properties>
[...]
</properties>
  <testcase name="Gmail" classname="APIRequest.Chrome3" time="28.453"/>
  <testcase name="google" classname="APIRequest.Chrome1" time="29.47"/>
  <testcase name="yahoo" classname="APIRequest.Chrome2" time="40.761"/>
  <testcase name="stopDocker" classname="APIRequest.Chrome1" time="53.875">
    <failure message="File is not deleted expected [true] but found [false]" type="java.lang.AssertionError">java.lang.AssertionError: File is not deleted expected [true] but found [false]
	at APIRequest.Chrome1.stopDocker(Chrome1.java:52)
</failure>
    <system-out><![CDATA[F:\nhs_pro_automation\API_Automation\output.txt
Found the required text to delete
]]></system-out>
  </testcase>
</testsuite>