<?xml version="1.0" encoding="UTF-8"?>
<testng-results ignored="0" total="3" passed="3" failed="0" skipped="0">
  <reporter-output>
  </reporter-output>
  <suite started-at="2023-07-27T10:50:30 IST" name="Default suite" finished-at="2023-07-27T10:50:31 IST" duration-ms="125">
    <groups>
    </groups>
    <test started-at="2023-07-27T10:50:30 IST" name="Default test" finished-at="2023-07-27T10:50:31 IST" duration-ms="125">
      <class name="APIRequest.DataproviderExample">
        <test-method signature="demo(java.lang.String,java.lang.String,java.lang.String)[pri:0, instance:APIRequest.DataproviderExample@1cf6d1be]" started-at="2023-07-27T10:50:31 IST" name="demo" data-provider="dataDriver" finished-at="2023-07-27T10:50:31 IST" duration-ms="9" status="PASS">
          <params>
            <param index="0">
              <value>
                <![CDATA[Admin]]>
              </value>
            </param>
            <param index="1">
              <value>
                <![CDATA[Pawwword]]>
              </value>
            </param>
            <param index="2">
              <value>
                <![CDATA[@gmail]]>
              </value>
            </param>
          </params>
          <reporter-output>
          </reporter-output>
        </test-method> <!-- demo -->
        <test-method signature="demo(java.lang.String,java.lang.String,java.lang.String)[pri:0, instance:APIRequest.DataproviderExample@1cf6d1be]" started-at="2023-07-27T10:50:31 IST" name="demo" data-provider="dataDriver" finished-at="2023-07-27T10:50:31 IST" duration-ms="4" status="PASS">
          <params>
            <param index="0">
              <value>
                <![CDATA[Admin]]>
              </value>
            </param>
            <param index="1">
              <value>
                <![CDATA[Pawwword]]>
              </value>
            </param>
            <param index="2">
              <value>
                <![CDATA[@yahoo]]>
              </value>
            </param>
          </params>
          <reporter-output>
          </reporter-output>
        </test-method> <!-- demo -->
        <test-method signature="demo(java.lang.String,java.lang.String,java.lang.String)[pri:0, instance:APIRequest.DataproviderExample@1cf6d1be]" started-at="2023-07-27T10:50:31 IST" name="demo" data-provider="dataDriver" finished-at="2023-07-27T10:50:31 IST" duration-ms="5" status="PASS">
          <params>
            <param index="0">
              <value>
                <![CDATA[Admin]]>
              </value>
            </param>
            <param index="1">
              <value>
                <![CDATA[Pawwword]]>
              </value>
            </param>
            <param index="2">
              <value>
                <![CDATA[@facebook]]>
              </value>
            </param>
          </params>
          <reporter-output>
          </reporter-output>
        </test-method> <!-- demo -->
      </class> <!-- APIRequest.DataproviderExample -->
    </test> <!-- Default test -->
  </suite> <!-- Default suite -->
</testng-results>
